<?xml version="1.0" encoding="UTF-8"?>
<testsuite xmlns:xsi="http://www.w3.org/2001/XMLSchema-instance" xsi:noNamespaceSchemaLocation="https://maven.apache.org/surefire/maven-surefire-plugin/xsd/surefire-test-report.xsd" version="3.0.1" name="TestSuite" time="14.86" tests="1" errors="0" skipped="0" failures="0">
  <properties>
[...]
</properties>
  <testcase name="runScenario[&quot;Search experience for product search in Home page and Offers page&quot;, &quot;Optional[Place the order for products]&quot;](1)" classname="cucumberOptions.TestNGTestRunner" time="13.236">
    <system-out><![CDATA[
@PlaceOrder
Scenario Outline: Search experience for product search in Home page and Offers page # src/test/java/features/Checkout.feature:13
  Given User is on Greenkart landing page                                           # stepDefinitions.LandingPageStepDefinition.user_is_on_greenkart_landing_page()
Product name isTomato
  When user searched with shortname Tom and extracted actual name of product        # stepDefinitions.LandingPageStepDefinition.user_searched_with_shortname_and_extracted_actual_name_of_product(java.lang.String)
  And added "3" items of selected product to the cart                               # stepDefinitions.LandingPageStepDefinition.add_items_to_cart(java.lang.String)
  Then user proceeds to checkout page & validate the Tom items in checkout page     # stepDefinitions.CheckoutPageStepDefinition.user_proceeds_to_checkout_page(java.lang.String)
  And user has entered the promo code and placed the order                          # stepDefinitions.CheckoutPageStepDefinition.user_has_entered_the_promo_code_and_placed_the_order()
]]></system-out>
    <system-err><![CDATA[SLF4J: Failed to load class "org.slf4j.impl.StaticLoggerBinder".
SLF4J: Defaulting to no-operation (NOP) logger implementation
SLF4J: See http://www.slf4j.org/codes.html#StaticLoggerBinder for further details.
ERROR StatusLogger Log4j2 could not find a logging implementation. Please add log4j-core to the classpath. Using SimpleLogger to log to the console...
Sept 13, 2024 1:16:33 PM org.openqa.selenium.devtools.CdpVersionFinder findNearestMatch
WARNING: Unable to find CDP implementation matching 128
Sept 13, 2024 1:16:33 PM org.openqa.selenium.chromium.ChromiumDriver lambda$new$5
WARNING: Unable to find version of CDP to use for 128.0.2739.67. You may need to include a dependency on a specific version of the CDP using something similar to `org.seleniumhq.selenium:selenium-devtools-v86:4.13.0` where the version ("v86") matches the version of the chromium-based browser you're using and the version number of the artifact is the same as Selenium's.
]]></system-err>
  </testcase>
</testsuite>